Traceback (most recent call last):
  File "/Users/kashnitsky/Library/Caches/pypoetry/virtualenvs/mlcourse-ai-czBTtoES-py3.12/lib/python3.12/site-packages/jupyter_cache/executors/utils.py", line 58, in single_nb_execution
    executenb(
  File "/Users/kashnitsky/Library/Caches/pypoetry/virtualenvs/mlcourse-ai-czBTtoES-py3.12/lib/python3.12/site-packages/nbclient/client.py", line 1305, in execute
    return NotebookClient(nb=nb, resources=resources, km=km, **kwargs).execute()
           ^^^^^^^^^^^^^^^^^^^^^^^^^^^^^^^^^^^^^^^^^^^^^^^^^^^^^^^^^^^^^^^^^^^^^
  File "/Users/kashnitsky/Library/Caches/pypoetry/virtualenvs/mlcourse-ai-czBTtoES-py3.12/lib/python3.12/site-packages/jupyter_core/utils/__init__.py", line 165, in wrapped
    return loop.run_until_complete(inner)
           ^^^^^^^^^^^^^^^^^^^^^^^^^^^^^^
  File "/opt/homebrew/Cellar/python@3.12/3.12.4/Frameworks/Python.framework/Versions/3.12/lib/python3.12/asyncio/base_events.py", line 687, in run_until_complete
    return future.result()
           ^^^^^^^^^^^^^^^
  File "/Users/kashnitsky/Library/Caches/pypoetry/virtualenvs/mlcourse-ai-czBTtoES-py3.12/lib/python3.12/site-packages/nbclient/client.py", line 705, in async_execute
    await self.async_execute_cell(
  File "/Users/kashnitsky/Library/Caches/pypoetry/virtualenvs/mlcourse-ai-czBTtoES-py3.12/lib/python3.12/site-packages/nbclient/client.py", line 1058, in async_execute_cell
    await self._check_raise_for_error(cell, cell_index, exec_reply)
  File "/Users/kashnitsky/Library/Caches/pypoetry/virtualenvs/mlcourse-ai-czBTtoES-py3.12/lib/python3.12/site-packages/nbclient/client.py", line 914, in _check_raise_for_error
    raise CellExecutionError.from_cell_and_msg(cell, exec_reply_content)
nbclient.exceptions.CellExecutionError: An error occurred while executing the following cell:
------------------
%config InlineBackend.figure_format = 'svg'
sns.histplot(df["Critic_Score"]. kde=True, stat="density");
------------------


[0;36m  Cell [0;32mIn[10], line 2[0;36m[0m
[0;31m    sns.histplot(df["Critic_Score"]. kde=True, stat="density");[0m
[0m                 ^[0m
[0;31mSyntaxError[0m[0;31m:[0m expression cannot contain assignment, perhaps you meant "=="?


