Traceback (most recent call last):
  File "/Users/kashnitskiyy/Library/Caches/pypoetry/virtualenvs/mlcourse-ai-hdQs52Zw-py3.10/lib/python3.10/site-packages/jupyter_cache/executors/utils.py", line 51, in single_nb_execution
    executenb(
  File "/Users/kashnitskiyy/Library/Caches/pypoetry/virtualenvs/mlcourse-ai-hdQs52Zw-py3.10/lib/python3.10/site-packages/nbclient/client.py", line 1204, in execute
    return NotebookClient(nb=nb, resources=resources, km=km, **kwargs).execute()
  File "/Users/kashnitskiyy/Library/Caches/pypoetry/virtualenvs/mlcourse-ai-hdQs52Zw-py3.10/lib/python3.10/site-packages/nbclient/util.py", line 84, in wrapped
    return just_run(coro(*args, **kwargs))
  File "/Users/kashnitskiyy/Library/Caches/pypoetry/virtualenvs/mlcourse-ai-hdQs52Zw-py3.10/lib/python3.10/site-packages/nbclient/util.py", line 62, in just_run
    return loop.run_until_complete(coro)
  File "/usr/local/Cellar/python@3.10/3.10.9/Frameworks/Python.framework/Versions/3.10/lib/python3.10/asyncio/base_events.py", line 649, in run_until_complete
    return future.result()
  File "/Users/kashnitskiyy/Library/Caches/pypoetry/virtualenvs/mlcourse-ai-hdQs52Zw-py3.10/lib/python3.10/site-packages/nbclient/client.py", line 663, in async_execute
    await self.async_execute_cell(
  File "/Users/kashnitskiyy/Library/Caches/pypoetry/virtualenvs/mlcourse-ai-hdQs52Zw-py3.10/lib/python3.10/site-packages/nbclient/client.py", line 965, in async_execute_cell
    await self._check_raise_for_error(cell, cell_index, exec_reply)
  File "/Users/kashnitskiyy/Library/Caches/pypoetry/virtualenvs/mlcourse-ai-hdQs52Zw-py3.10/lib/python3.10/site-packages/nbclient/client.py", line 862, in _check_raise_for_error
    raise CellExecutionError.from_cell_and_msg(cell, exec_reply_content)
nbclient.exceptions.CellExecutionError: An error occurred while executing the following cell:
------------------
for i, component in enumerate(pca.components_):
    print(
        "{} component: {}% of initial variance".format(
            i + 1, round(100 * pca.explained_variance_ratio_[i], 2)
        )
    )
    print(
        " + ".join(
            "%.3f x %s" % (value, name)
            for value, name in zip(components, iris.feature_names)
        )
    )
------------------

[0;31m---------------------------------------------------------------------------[0m
[0;31mNameError[0m                                 Traceback (most recent call last)
Cell [0;32mIn[5], line 10[0m
[1;32m      1[0m [38;5;28;01mfor[39;00m i, component [38;5;129;01min[39;00m [38;5;28menumerate[39m(pca[38;5;241m.[39mcomponents_):
[1;32m      2[0m     [38;5;28mprint[39m(
[1;32m      3[0m         [38;5;124m"[39m[38;5;132;01m{}[39;00m[38;5;124m component: [39m[38;5;132;01m{}[39;00m[38;5;132;01m% o[39;00m[38;5;124mf initial variance[39m[38;5;124m"[39m[38;5;241m.[39mformat(
[1;32m      4[0m             i [38;5;241m+[39m [38;5;241m1[39m, [38;5;28mround[39m([38;5;241m100[39m [38;5;241m*[39m pca[38;5;241m.[39mexplained_variance_ratio_[i], [38;5;241m2[39m)
[1;32m      5[0m         )
[1;32m      6[0m     )
[1;32m      7[0m     [38;5;28mprint[39m(
[1;32m      8[0m         [38;5;124m"[39m[38;5;124m + [39m[38;5;124m"[39m[38;5;241m.[39mjoin(
[1;32m      9[0m             [38;5;124m"[39m[38;5;132;01m%.3f[39;00m[38;5;124m x [39m[38;5;132;01m%s[39;00m[38;5;124m"[39m [38;5;241m%[39m (value, name)
[0;32m---> 10[0m             [38;5;28;01mfor[39;00m value, name [38;5;129;01min[39;00m [38;5;28mzip[39m([43mcomponents[49m, iris[38;5;241m.[39mfeature_names)
[1;32m     11[0m         )
[1;32m     12[0m     )

[0;31mNameError[0m: name 'components' is not defined
NameError: name 'components' is not defined

