Traceback (most recent call last):
  File "/usr/local/lib/python3.10/site-packages/jupyter_cache/executors/utils.py", line 51, in single_nb_execution
    executenb(
  File "/usr/local/lib/python3.10/site-packages/nbclient/client.py", line 1204, in execute
    return NotebookClient(nb=nb, resources=resources, km=km, **kwargs).execute()
  File "/usr/local/lib/python3.10/site-packages/nbclient/util.py", line 84, in wrapped
    return just_run(coro(*args, **kwargs))
  File "/usr/local/lib/python3.10/site-packages/nbclient/util.py", line 62, in just_run
    return loop.run_until_complete(coro)
  File "/usr/local/Cellar/python@3.10/3.10.8/Frameworks/Python.framework/Versions/3.10/lib/python3.10/asyncio/base_events.py", line 649, in run_until_complete
    return future.result()
  File "/usr/local/lib/python3.10/site-packages/nbclient/client.py", line 663, in async_execute
    await self.async_execute_cell(
  File "/usr/local/lib/python3.10/site-packages/nbclient/client.py", line 965, in async_execute_cell
    await self._check_raise_for_error(cell, cell_index, exec_reply)
  File "/usr/local/lib/python3.10/site-packages/nbclient/client.py", line 862, in _check_raise_for_error
    raise CellExecutionError.from_cell_and_msg(cell, exec_reply_content)
nbclient.exceptions.CellExecutionError: An error occurred while executing the following cell:
------------------
sns.jointplot(
    "Total day minutes", "Total night minutes", data=df, kind="kde", color="g"
);
------------------

[0;31m---------------------------------------------------------------------------[0m
[0;31mTypeError[0m                                 Traceback (most recent call last)
Cell [0;32mIn [17], line 1[0m
[0;32m----> 1[0m [43msns[49m[38;5;241;43m.[39;49m[43mjointplot[49m[43m([49m
[1;32m      2[0m [43m    [49m[38;5;124;43m"[39;49m[38;5;124;43mTotal day minutes[39;49m[38;5;124;43m"[39;49m[43m,[49m[43m [49m[38;5;124;43m"[39;49m[38;5;124;43mTotal night minutes[39;49m[38;5;124;43m"[39;49m[43m,[49m[43m [49m[43mdata[49m[38;5;241;43m=[39;49m[43mdf[49m[43m,[49m[43m [49m[43mkind[49m[38;5;241;43m=[39;49m[38;5;124;43m"[39;49m[38;5;124;43mkde[39;49m[38;5;124;43m"[39;49m[43m,[49m[43m [49m[43mcolor[49m[38;5;241;43m=[39;49m[38;5;124;43m"[39;49m[38;5;124;43mg[39;49m[38;5;124;43m"[39;49m
[1;32m      3[0m [43m)[49m

[0;31mTypeError[0m: jointplot() got multiple values for argument 'data'
TypeError: jointplot() got multiple values for argument 'data'

