Traceback (most recent call last):
  File "/Users/kashnitskiyy/Library/Caches/pypoetry/virtualenvs/mlcourse-ai-hdQs52Zw-py3.10/lib/python3.10/site-packages/jupyter_cache/executors/utils.py", line 58, in single_nb_execution
    executenb(
  File "/Users/kashnitskiyy/Library/Caches/pypoetry/virtualenvs/mlcourse-ai-hdQs52Zw-py3.10/lib/python3.10/site-packages/nbclient/client.py", line 1305, in execute
    return NotebookClient(nb=nb, resources=resources, km=km, **kwargs).execute()
  File "/Users/kashnitskiyy/Library/Caches/pypoetry/virtualenvs/mlcourse-ai-hdQs52Zw-py3.10/lib/python3.10/site-packages/jupyter_core/utils/__init__.py", line 166, in wrapped
    return loop.run_until_complete(inner)
  File "/usr/local/Cellar/python@3.10/3.10.9/Frameworks/Python.framework/Versions/3.10/lib/python3.10/asyncio/base_events.py", line 649, in run_until_complete
    return future.result()
  File "/Users/kashnitskiyy/Library/Caches/pypoetry/virtualenvs/mlcourse-ai-hdQs52Zw-py3.10/lib/python3.10/site-packages/nbclient/client.py", line 705, in async_execute
    await self.async_execute_cell(
  File "/Users/kashnitskiyy/Library/Caches/pypoetry/virtualenvs/mlcourse-ai-hdQs52Zw-py3.10/lib/python3.10/site-packages/nbclient/client.py", line 1058, in async_execute_cell
    await self._check_raise_for_error(cell, cell_index, exec_reply)
  File "/Users/kashnitskiyy/Library/Caches/pypoetry/virtualenvs/mlcourse-ai-hdQs52Zw-py3.10/lib/python3.10/site-packages/nbclient/client.py", line 914, in _check_raise_for_error
    raise CellExecutionError.from_cell_and_msg(cell, exec_reply_content)
nbclient.exceptions.CellExecutionError: An error occurred while executing the following cell:
------------------
plotly_df(df.set_index("date")[["count"]])
------------------


[0;31m---------------------------------------------------------------------------[0m
[0;31mNameError[0m                                 Traceback (most recent call last)
Cell [0;32mIn[7], line 1[0m
[0;32m----> 1[0m [43mplotly_df[49m[43m([49m[43mdf[49m[38;5;241;43m.[39;49m[43mset_index[49m[43m([49m[38;5;124;43m"[39;49m[38;5;124;43mdate[39;49m[38;5;124;43m"[39;49m[43m)[49m[43m[[49m[43m[[49m[38;5;124;43m"[39;49m[38;5;124;43mcount[39;49m[38;5;124;43m"[39;49m[43m][49m[43m][49m[43m)[49m

Cell [0;32mIn[2], line 14[0m, in [0;36mplotly_df[0;34m(df, title, width, height)[0m
[1;32m     12[0m plot_path [38;5;241m=[39m [38;5;124mf[39m[38;5;124m"[39m[38;5;124m../../_static/plotly_htmls/[39m[38;5;132;01m{[39;00mtitle[38;5;132;01m}[39;00m[38;5;124m.html[39m[38;5;124m"[39m[38;5;241m.[39mreplace([38;5;124m"[39m[38;5;124m [39m[38;5;124m"[39m, [38;5;124m"[39m[38;5;124m_[39m[38;5;124m"[39m)
[1;32m     13[0m plot(fig, filename[38;5;241m=[39mplot_path, show_link[38;5;241m=[39m[38;5;28;01mFalse[39;00m, auto_open[38;5;241m=[39m[38;5;28;01mFalse[39;00m);
[0;32m---> 14[0m display([43mIFrame[49m(plot_path, width[38;5;241m=[39mwidth, height[38;5;241m=[39mheight))

[0;31mNameError[0m: name 'IFrame' is not defined

